Last run: Sun Feb  9 06:47:00 UTC 2025
Last run: Sun Feb  9 06:59:52 UTC 2025
Last run: Sun Feb  9 07:06:32 UTC 2025
Last run: Mon Feb 10 06:56:24 UTC 2025
Last run: Tue Feb 11 06:56:37 UTC 2025
Last run: Wed Feb 12 06:56:19 UTC 2025
Last run: Thu Feb 13 06:56:07 UTC 2025
Last run: Fri Feb 14 06:56:12 UTC 2025
Last run: Sat Feb 15 06:56:08 UTC 2025
Last run: Sun Feb 16 06:56:24 UTC 2025
Last run: Mon Feb 17 06:56:08 UTC 2025
Last run: Tue Feb 18 06:56:14 UTC 2025
Last run: Wed Feb 19 06:56:29 UTC 2025
Last run: Thu Feb 20 06:56:13 UTC 2025
Last run: Fri Feb 21 06:56:33 UTC 2025
Last run: Sat Feb 22 06:56:09 UTC 2025
Last run: Sun Feb 23 06:56:31 UTC 2025
Last run: Mon Feb 24 06:56:24 UTC 2025
Last run: Tue Feb 25 06:56:30 UTC 2025
Last run: Wed Feb 26 06:56:18 UTC 2025
Last run: Thu Feb 27 06:56:11 UTC 2025
Last run: Fri Feb 28 06:56:25 UTC 2025
Last run: Sat Mar  1 06:56:10 UTC 2025
Last run: Sun Mar  2 06:56:21 UTC 2025
Last run: Mon Mar  3 06:56:20 UTC 2025
Last run: Tue Mar  4 06:56:26 UTC 2025
Last run: Wed Mar  5 06:56:07 UTC 2025
Last run: Thu Mar  6 06:56:30 UTC 2025
Last run: Fri Mar  7 06:56:06 UTC 2025
Last run: Sat Mar  8 06:56:11 UTC 2025
Last run: Sun Mar  9 06:56:24 UTC 2025
Last run: Mon Mar 10 06:56:09 UTC 2025
Last run: Tue Mar 11 06:56:30 UTC 2025
Last run: Wed Mar 12 06:56:21 UTC 2025
Last run: Thu Mar 13 06:56:07 UTC 2025
Last run: Fri Mar 14 06:56:23 UTC 2025
Last run: Sat Mar 15 06:56:25 UTC 2025
Last run: Sun Mar 16 06:56:26 UTC 2025
Last run: Mon Mar 17 06:56:06 UTC 2025
Last run: Tue Mar 18 06:56:23 UTC 2025
Last run: Wed Mar 19 06:56:13 UTC 2025
Last run: Thu Mar 20 06:56:05 UTC 2025
Last run: Fri Mar 21 06:56:21 UTC 2025
Last run: Sat Mar 22 06:56:07 UTC 2025
Last run: Sun Mar 23 06:56:29 UTC 2025
Last run: Mon Mar 24 06:56:14 UTC 2025
Last run: Tue Mar 25 06:56:19 UTC 2025
Last run: Wed Mar 26 06:56:07 UTC 2025
Last run: Thu Mar 27 06:56:35 UTC 2025
Last run: Fri Mar 28 06:56:05 UTC 2025
Last run: Sat Mar 29 06:56:08 UTC 2025
Last run: Sun Mar 30 06:56:28 UTC 2025
Last run: Mon Mar 31 06:56:26 UTC 2025
Last run: Tue Apr  1 06:57:13 UTC 2025
Last run: Wed Apr  2 06:56:24 UTC 2025
Last run: Thu Apr  3 06:56:21 UTC 2025
Last run: Fri Apr  4 06:56:18 UTC 2025
Last run: Sat Apr  5 06:56:06 UTC 2025
Last run: Sun Apr  6 06:56:12 UTC 2025
Last run: Mon Apr  7 06:56:33 UTC 2025
Last run: Tue Apr  8 06:56:10 UTC 2025
Last run: Wed Apr  9 06:56:20 UTC 2025
Last run: Thu Apr 10 06:56:18 UTC 2025
Last run: Fri Apr 11 06:56:21 UTC 2025
Last run: Sat Apr 12 06:56:09 UTC 2025
Last run: Sun Apr 13 06:56:11 UTC 2025
Last run: Mon Apr 14 06:56:48 UTC 2025
Last run: Tue Apr 15 06:56:23 UTC 2025
Last run: Wed Apr 16 06:56:47 UTC 2025
Last run: Thu Apr 17 06:56:10 UTC 2025
Last run: Fri Apr 18 06:56:07 UTC 2025
Last run: Sat Apr 19 06:56:09 UTC 2025
Last run: Sun Apr 20 06:56:16 UTC 2025
Last run: Mon Apr 21 06:56:45 UTC 2025
Last run: Tue Apr 22 06:56:21 UTC 2025
Last run: Wed Apr 23 06:56:09 UTC 2025
Last run: Thu Apr 24 06:56:44 UTC 2025
Last run: Fri Apr 25 06:56:25 UTC 2025
Last run: Sat Apr 26 06:56:08 UTC 2025
Last run: Sun Apr 27 06:56:06 UTC 2025
Last run: Mon Apr 28 07:32:07 UTC 2025
Last run: Tue Apr 29 06:56:32 UTC 2025
Last run: Wed Apr 30 06:57:48 UTC 2025
Last run: Thu May  1 06:56:33 UTC 2025
Last run: Fri May  2 06:56:18 UTC 2025
Last run: Sat May  3 06:56:14 UTC 2025
Last run: Sun May  4 06:56:15 UTC 2025
Last run: Mon May  5 06:57:27 UTC 2025
Last run: Tue May  6 06:56:39 UTC 2025
Last run: Wed May  7 06:57:34 UTC 2025
Last run: Thu May  8 06:57:26 UTC 2025
Last run: Fri May  9 06:57:09 UTC 2025
Last run: Sat May 10 06:56:09 UTC 2025
Last run: Sun May 11 06:56:17 UTC 2025
Last run: Mon May 12 06:58:05 UTC 2025
Last run: Tue May 13 06:57:26 UTC 2025
